<?xml version="1.0"?><coverage lines-covered="150" lines-valid="154" line-rate="0.974025974025974" branches-covered="0" branches-valid="0" branch-rate="0" complexity="0" version="1.9" timestamp="1700529836"><sources><source>/home/daniel/repos/armor_pass</source></sources><packages><package name="src" line-rate="0.974025974025974" branch-rate="0" complexity="0"><classes><class name="encryption" filename="src/encryption.rs" line-rate="1" branch-rate="0" complexity="0"><methods/><lines><line number="23" hits="4"/><line number="24" hits="3"/><line number="25" hits="1"/><line number="26" hits="1"/><line number="27" hits="2"/><line number="29" hits="1"/><line number="30" hits="6"/><line number="32" hits="1"/><line number="33" hits="2"/><line number="35" hits="2"/><line number="37" hits="1"/><line number="38" hits="1"/><line number="39" hits="1"/><line number="40" hits="1"/><line number="41" hits="1"/><line number="42" hits="1"/><line number="46" hits="7"/><line number="47" hits="8"/><line number="48" hits="8"/><line number="50" hits="6"/><line number="51" hits="6"/><line number="52" hits="6"/><line number="53" hits="6"/><line number="54" hits="6"/><line number="55" hits="6"/><line number="61" hits="4"/><line number="62" hits="4"/><line number="63" hits="4"/><line number="64" hits="8"/><line number="65" hits="8"/><line number="66" hits="8"/><line number="67" hits="12"/><line number="68" hits="4"/><line number="71" hits="4"/><line number="72" hits="4"/><line number="73" hits="4"/><line number="74" hits="4"/><line number="75" hits="4"/><line number="76" hits="8"/><line number="77" hits="8"/><line number="78" hits="10"/><line number="79" hits="5"/><line number="82" hits="4"/><line number="83" hits="4"/><line number="84" hits="4"/><line number="86" hits="2"/><line number="87" hits="1"/><line number="90" hits="3"/><line number="91" hits="3"/><line number="92" hits="3"/><line number="93" hits="3"/><line number="94" hits="3"/><line number="95" hits="6"/><line number="96" hits="6"/><line number="97" hits="6"/><line number="98" hits="3"/><line number="101" hits="4"/><line number="102" hits="5"/><line number="103" hits="15"/><line number="104" hits="5"/><line number="107" hits="4"/><line number="108" hits="4"/><line number="109" hits="12"/><line number="110" hits="4"/><line number="113" hits="5"/><line number="114" hits="4"/><line number="115" hits="6"/><line number="120" hits="6"/><line number="121" hits="6"/><line number="123" hits="10"/></lines></class><class name="main" filename="src/main.rs" line-rate="0" branch-rate="0" complexity="0"><methods/><lines><line number="8" hits="0"/><line number="9" hits="0"/></lines></class><class name="password_manager" filename="src/password_manager.rs" line-rate="0.9655172413793104" branch-rate="0" complexity="0"><methods/><lines><line number="17" hits="2"/><line number="18" hits="2"/><line number="19" hits="8"/><line number="20" hits="9"/><line number="21" hits="2"/><line number="23" hits="8"/><line number="25" hits="4"/><line number="26" hits="4"/><line number="27" hits="4"/><line number="31" hits="4"/><line number="37" hits="5"/><line number="38" hits="3"/><line number="39" hits="4"/><line number="40" hits="3"/><line number="41" hits="3"/><line number="42" hits="3"/><line number="44" hits="2"/><line number="45" hits="1"/><line number="49" hits="2"/><line number="50" hits="2"/><line number="51" hits="2"/><line number="54" hits="2"/><line number="56" hits="6"/><line number="58" hits="2"/><line number="61" hits="1"/><line number="62" hits="2"/><line number="64" hits="3"/><line number="67" hits="1"/><line number="68" hits="3"/><line number="70" hits="3"/><line number="71" hits="2"/><line number="74" hits="1"/><line number="81" hits="3"/><line number="84" hits="3"/><line number="87" hits="2"/><line number="88" hits="2"/><line number="89" hits="1"/><line number="92" hits="0"/><line number="99" hits="1"/><line number="101" hits="1"/><line number="104" hits="1"/><line number="105" hits="3"/><line number="108" hits="3"/><line number="110" hits="1"/><line number="116" hits="2"/><line number="117" hits="1"/><line number="121" hits="1"/><line number="122" hits="2"/><line number="124" hits="3"/><line number="128" hits="2"/><line number="129" hits="2"/><line number="130" hits="0"/><line number="132" hits="6"/><line number="133" hits="6"/><line number="135" hits="2"/><line number="138" hits="2"/><line number="139" hits="4"/><line number="141" hits="4"/></lines></class><class name="validation" filename="src/validation.rs" line-rate="1" branch-rate="0" complexity="0"><methods/><lines><line number="1" hits="6"/><line number="2" hits="9"/><line number="3" hits="3"/><line number="4" hits="8"/><line number="5" hits="5"/><line number="6" hits="10"/><line number="7" hits="2"/><line number="9" hits="5"/><line number="13" hits="5"/><line number="14" hits="9"/><line number="15" hits="3"/><line number="17" hits="4"/><line number="21" hits="4"/><line number="22" hits="8"/><line number="23" hits="3"/><line number="25" hits="4"/><line number="29" hits="5"/><line number="30" hits="15"/><line number="33" hits="5"/><line number="34" hits="13"/><line number="37" hits="6"/><line number="38" hits="6"/><line number="41" hits="5"/><line number="42" hits="5"/></lines></class></classes></package><package name="tests" line-rate="0" branch-rate="0" complexity="0"><classes></classes></package></packages></coverage>